# JRE version: OpenJDK Runtime Environment Microsoft-11369865 (17.0.15+6) (build 17.0.15+6-LTS)
# Java VM: OpenJDK 64-Bit Server VM Microsoft-11369865 (17.0.15+6-LTS, mixed mode, sharing, tiered, compressed oops, compressed class ptrs, g1 gc, windows-amd64)
GC Precious Log:
 CPUs: 12 total, 12 available
 Memory: 15791M
 Large Page Support: Disabled
 NUMA Support: Disabled
 Compressed Oops: Enabled (32-bit)
 Heap Region Size: 1M
 Heap Min Capacity: 8M
 Heap Initial Capacity: 248M
 Heap Max Capacity: 2G
 Pre-touch: Disabled
 Parallel Workers: 10
 Concurrent Workers: 3
 Concurrent Refinement Workers: 10
 Periodic GC: Disabled
Heap:
 garbage-first heap   total 140288K, used 77949K [0x0000000080000000, 0x0000000100000000)
  region size 1024K, 2 young (2048K), 2 survivors (2048K)
 Metaspace       used 63718K, committed 64448K, reserved 1114112K
  class space    used 8863K, committed 9216K, reserved 1048576K
GC Heap History (20 events):
Event: 15.829 GC heap after
{Heap after GC invocations=19 (full 0):
 garbage-first heap   total 103424K, used 49823K [0x0000000080000000, 0x0000000100000000)
  region size 1024K, 4 young (4096K), 4 survivors (4096K)
 Metaspace       used 51886K, committed 52544K, reserved 1114112K
  class space    used 7319K, committed 7616K, reserved 1048576K
}
Event: 15.937 GC heap before
{Heap before GC invocations=19 (full 0):
 garbage-first heap   total 103424K, used 52895K [0x0000000080000000, 0x0000000100000000)
  region size 1024K, 8 young (8192K), 4 survivors (4096K)
 Metaspace       used 51941K, committed 52544K, reserved 1114112K
  class space    used 7322K, committed 7616K, reserved 1048576K
}
Event: 15.939 GC heap after
{Heap after GC invocations=20 (full 0):
 garbage-first heap   total 103424K, used 50130K [0x0000000080000000, 0x0000000100000000)
  region size 1024K, 1 young (1024K), 1 survivors (1024K)
 Metaspace       used 51941K, committed 52544K, reserved 1114112K
  class space    used 7322K, committed 7616K, reserved 1048576K
}
Event: 17.016 GC heap before
{Heap before GC invocations=21 (full 0):
 garbage-first heap   total 103424K, used 95186K [0x0000000080000000, 0x0000000100000000)
  region size 1024K, 32 young (32768K), 1 survivors (1024K)
 Metaspace       used 53592K, committed 54272K, reserved 1114112K
  class space    used 7545K, committed 7872K, reserved 1048576K
}
Event: 17.019 GC heap after
{Heap after GC invocations=22 (full 0):
 garbage-first heap   total 105472K, used 71001K [0x0000000080000000, 0x0000000100000000)
  region size 1024K, 4 young (4096K), 4 survivors (4096K)
 Metaspace       used 53592K, committed 54272K, reserved 1114112K
  class space    used 7545K, committed 7872K, reserved 1048576K
}
Event: 17.033 GC heap before
{Heap before GC invocations=22 (full 0):
 garbage-first heap   total 105472K, used 72025K [0x0000000080000000, 0x0000000100000000)
  region size 1024K, 5 young (5120K), 4 survivors (4096K)
 Metaspace       used 53654K, committed 54336K, reserved 1114112K
  class space    used 7557K, committed 7872K, reserved 1048576K
}
Event: 17.035 GC heap after
{Heap after GC invocations=23 (full 0):
 garbage-first heap   total 105472K, used 70644K [0x0000000080000000, 0x0000000100000000)
  region size 1024K, 1 young (1024K), 1 survivors (1024K)
 Metaspace       used 53654K, committed 54336K, reserved 1114112K
  class space    used 7557K, committed 7872K, reserved 1048576K
}
Event: 17.305 GC heap before
{Heap before GC invocations=23 (full 0):
 garbage-first heap   total 105472K, used 86004K [0x0000000080000000, 0x0000000100000000)
  region size 1024K, 17 young (17408K), 1 survivors (1024K)
 Metaspace       used 54946K, committed 55552K, reserved 1114112K
  class space    used 7723K, committed 8000K, reserved 1048576K
}
Event: 17.307 GC heap after
{Heap after GC invocations=24 (full 0):
 garbage-first heap   total 105472K, used 70882K [0x0000000080000000, 0x0000000100000000)
  region size 1024K, 1 young (1024K), 1 survivors (1024K)
 Metaspace       used 54946K, committed 55552K, reserved 1114112K
  class space    used 7723K, committed 8000K, reserved 1048576K
}
Event: 17.643 GC heap before
{Heap before GC invocations=25 (full 0):
 garbage-first heap   total 122880K, used 86242K [0x0000000080000000, 0x0000000100000000)
  region size 1024K, 17 young (17408K), 1 survivors (1024K)
 Metaspace       used 56300K, committed 56960K, reserved 1114112K
  class space    used 7875K, committed 8192K, reserved 1048576K
}
Event: 17.645 GC heap after
{Heap after GC invocations=26 (full 0):
 garbage-first heap   total 122880K, used 71605K [0x0000000080000000, 0x0000000100000000)
  region size 1024K, 2 young (2048K), 2 survivors (2048K)
 Metaspace       used 56300K, committed 56960K, reserved 1114112K
  class space    used 7875K, committed 8192K, reserved 1048576K
}
Event: 17.702 GC heap before
{Heap before GC invocations=26 (full 0):
 garbage-first heap   total 122880K, used 74677K [0x0000000080000000, 0x0000000100000000)
  region size 1024K, 6 young (6144K), 2 survivors (2048K)
 Metaspace       used 56781K, committed 57408K, reserved 1114112K
  class space    used 7914K, committed 8256K, reserved 1048576K
}
Event: 17.705 GC heap after
{Heap after GC invocations=27 (full 0):
 garbage-first heap   total 122880K, used 71098K [0x0000000080000000, 0x0000000100000000)
  region size 1024K, 1 young (1024K), 1 survivors (1024K)
 Metaspace       used 56781K, committed 57408K, reserved 1114112K
  class space    used 7914K, committed 8256K, reserved 1048576K
}
Event: 18.269 GC heap before
{Heap before GC invocations=27 (full 0):
 garbage-first heap   total 122880K, used 100794K [0x0000000080000000, 0x0000000100000000)
  region size 1024K, 30 young (30720K), 1 survivors (1024K)
 Metaspace       used 59569K, committed 60224K, reserved 1114112K
  class space    used 8325K, committed 8640K, reserved 1048576K
}
Event: 18.271 GC heap after
{Heap after GC invocations=28 (full 0):
 garbage-first heap   total 122880K, used 71818K [0x0000000080000000, 0x0000000100000000)
  region size 1024K, 1 young (1024K), 1 survivors (1024K)
 Metaspace       used 59569K, committed 60224K, reserved 1114112K
  class space    used 8325K, committed 8640K, reserved 1048576K
}
Event: 18.800 GC heap before
{Heap before GC invocations=29 (full 0):
 garbage-first heap   total 122880K, used 107658K [0x0000000080000000, 0x0000000100000000)
  region size 1024K, 31 young (31744K), 1 survivors (1024K)
 Metaspace       used 61789K, committed 62464K, reserved 1114112K
  class space    used 8623K, committed 8960K, reserved 1048576K
}
Event: 18.803 GC heap after
{Heap after GC invocations=30 (full 0):
 garbage-first heap   total 122880K, used 77017K [0x0000000080000000, 0x0000000100000000)
  region size 1024K, 4 young (4096K), 4 survivors (4096K)
 Metaspace       used 61789K, committed 62464K, reserved 1114112K
  class space    used 8623K, committed 8960K, reserved 1048576K
}
Event: 18.855 GC heap before
{Heap before GC invocations=30 (full 0):
 garbage-first heap   total 122880K, used 79065K [0x0000000080000000, 0x0000000100000000)
  region size 1024K, 6 young (6144K), 4 survivors (4096K)
 Metaspace       used 61965K, committed 62656K, reserved 1114112K
  class space    used 8639K, committed 8960K, reserved 1048576K
}
Event: 18.859 GC heap after
{Heap after GC invocations=31 (full 0):
 garbage-first heap   total 122880K, used 76948K [0x0000000080000000, 0x0000000100000000)
  region size 1024K, 1 young (1024K), 1 survivors (1024K)
 Metaspace       used 61965K, committed 62656K, reserved 1114112K
  class space    used 8639K, committed 8960K, reserved 1048576K
}
Event: 19.293 GC heap before
{Heap before GC invocations=31 (full 0):
 garbage-first heap   total 122880K, used 100500K [0x0000000080000000, 0x0000000100000000)
  region size 1024K, 25 young (25600K), 1 survivors (1024K)
 Metaspace       used 63718K, committed 64448K, reserved 1114112K
  class space    used 8863K, committed 9216K, reserved 1048576K
}

